<?xml version="1.0" encoding="UTF-8"?>
<!-- Generated by org.testng.reporters.JUnitXMLReporter -->
<testsuite ignored="0" hostname="DESKTOP-HHITFIH" failures="1" tests="2" name="ErrorValidationTest" time="10.2" errors="0" timestamp="2023-06-04T13:57:51 IST">
  <testcase classname="Vaibhav_Test.SelFramework.ErrorValidation" name="checkError" time="1.444">
    <skipped/>
  </testcase> <!-- checkError -->
  <testcase classname="Vaibhav_Test.SelFramework.ErrorValidation" name="checkError" time="0.524">
    <failure type="java.lang.AssertionError" message="expected [] but found [Incorrect email  password.]">
      <![CDATA[java.lang.AssertionError: expected [] but found [Incorrect email  password.]
at Vaibhav_Test.SelFramework.ErrorValidation.checkError(ErrorValidation.java:30)
at java.base/java.util.ArrayList.forEach(ArrayList.java:1511)
at java.base/java.util.concurrent.FutureTask.run(FutureTask.java:264)
at java.base/java.util.concurrent.ThreadPoolExecutor.runWorker(ThreadPoolExecutor.java:1136)
at java.base/java.util.concurrent.ThreadPoolExecutor$Worker.run(ThreadPoolExecutor.java:635)
at java.base/java.lang.Thread.run(Thread.java:833)
... Removed 24 stack frames]]>
    </failure>
  </testcase> <!-- checkError -->
</testsuite> <!-- ErrorValidationTest -->
